CRITICAL - 2020-11-01 08:16:42 --> Call to a member function view() on null
#0 C:\Apache24\htdocs\rosas\vendor\codeigniter4\framework\system\CodeIgniter.php(918): App\Controllers\Home->index()
#1 C:\Apache24\htdocs\rosas\vendor\codeigniter4\framework\system\CodeIgniter.php(404): CodeIgniter\CodeIgniter->runController(Object(App\Controllers\Home))
#2 C:\Apache24\htdocs\rosas\vendor\codeigniter4\framework\system\CodeIgniter.php(312): CodeIgniter\CodeIgniter->handleRequest(NULL, Object(Config\Cache), false)
#3 C:\Apache24\htdocs\rosas\public\index.php(45): CodeIgniter\CodeIgniter->run()
#4 {main}
CRITICAL - 2020-11-01 08:17:29 --> Call to a member function view() on null
#0 C:\Apache24\htdocs\rosas\vendor\codeigniter4\framework\system\CodeIgniter.php(918): App\Controllers\Home->index()
#1 C:\Apache24\htdocs\rosas\vendor\codeigniter4\framework\system\CodeIgniter.php(404): CodeIgniter\CodeIgniter->runController(Object(App\Controllers\Home))
#2 C:\Apache24\htdocs\rosas\vendor\codeigniter4\framework\system\CodeIgniter.php(312): CodeIgniter\CodeIgniter->handleRequest(NULL, Object(Config\Cache), false)
#3 C:\Apache24\htdocs\rosas\public\index.php(45): CodeIgniter\CodeIgniter->run()
#4 {main}
CRITICAL - 2020-11-01 08:17:38 --> Undefined property: App\Controllers\Home::$templater
#0 C:\Apache24\htdocs\rosas\app\Controllers\Home.php(10): CodeIgniter\Debug\Exceptions->errorHandler(8, 'Undefined prope...', 'C:\\Apache24\\htd...', 10, Array)
#1 C:\Apache24\htdocs\rosas\vendor\codeigniter4\framework\system\CodeIgniter.php(918): App\Controllers\Home->index()
#2 C:\Apache24\htdocs\rosas\vendor\codeigniter4\framework\system\CodeIgniter.php(404): CodeIgniter\CodeIgniter->runController(Object(App\Controllers\Home))
#3 C:\Apache24\htdocs\rosas\vendor\codeigniter4\framework\system\CodeIgniter.php(312): CodeIgniter\CodeIgniter->handleRequest(NULL, Object(Config\Cache), false)
#4 C:\Apache24\htdocs\rosas\public\index.php(45): CodeIgniter\CodeIgniter->run()
#5 {main}
CRITICAL - 2020-11-01 08:19:08 --> Undefined property: App\Controllers\Home::$templater
#0 C:\Apache24\htdocs\rosas\app\Controllers\Home.php(10): CodeIgniter\Debug\Exceptions->errorHandler(8, 'Undefined prope...', 'C:\\Apache24\\htd...', 10, Array)
#1 C:\Apache24\htdocs\rosas\vendor\codeigniter4\framework\system\CodeIgniter.php(918): App\Controllers\Home->index()
#2 C:\Apache24\htdocs\rosas\vendor\codeigniter4\framework\system\CodeIgniter.php(404): CodeIgniter\CodeIgniter->runController(Object(App\Controllers\Home))
#3 C:\Apache24\htdocs\rosas\vendor\codeigniter4\framework\system\CodeIgniter.php(312): CodeIgniter\CodeIgniter->handleRequest(NULL, Object(Config\Cache), false)
#4 C:\Apache24\htdocs\rosas\public\index.php(45): CodeIgniter\CodeIgniter->run()
#5 {main}
CRITICAL - 2020-11-01 08:21:09 --> Undefined property: App\Controllers\Home::$data
#0 C:\Apache24\htdocs\rosas\app\Controllers\Home.php(10): CodeIgniter\Debug\Exceptions->errorHandler(8, 'Undefined prope...', 'C:\\Apache24\\htd...', 10, Array)
#1 C:\Apache24\htdocs\rosas\vendor\codeigniter4\framework\system\CodeIgniter.php(918): App\Controllers\Home->index()
#2 C:\Apache24\htdocs\rosas\vendor\codeigniter4\framework\system\CodeIgniter.php(404): CodeIgniter\CodeIgniter->runController(Object(App\Controllers\Home))
#3 C:\Apache24\htdocs\rosas\vendor\codeigniter4\framework\system\CodeIgniter.php(312): CodeIgniter\CodeIgniter->handleRequest(NULL, Object(Config\Cache), false)
#4 C:\Apache24\htdocs\rosas\public\index.php(45): CodeIgniter\CodeIgniter->run()
#5 {main}
CRITICAL - 2020-11-01 08:22:08 --> Undefined variable: header
#0 C:\Apache24\htdocs\rosas\app\Views\base.php(81): CodeIgniter\Debug\Exceptions->errorHandler(8, 'Undefined varia...', 'C:\\Apache24\\htd...', 81, Array)
#1 C:\Apache24\htdocs\rosas\vendor\codeigniter4\framework\system\View\View.php(246): include('C:\\Apache24\\htd...')
#2 C:\Apache24\htdocs\rosas\vendor\codeigniter4\framework\system\Common.php(1119): CodeIgniter\View\View->render('base', Array, true)
#3 C:\Apache24\htdocs\rosas\app\Libraries\Templater.php(34): view('base', Array)
#4 C:\Apache24\htdocs\rosas\app\Controllers\Home.php(10): App\Libraries\Templater->view('home', Array)
#5 C:\Apache24\htdocs\rosas\vendor\codeigniter4\framework\system\CodeIgniter.php(918): App\Controllers\Home->index()
#6 C:\Apache24\htdocs\rosas\vendor\codeigniter4\framework\system\CodeIgniter.php(404): CodeIgniter\CodeIgniter->runController(Object(App\Controllers\Home))
#7 C:\Apache24\htdocs\rosas\vendor\codeigniter4\framework\system\CodeIgniter.php(312): CodeIgniter\CodeIgniter->handleRequest(NULL, Object(Config\Cache), false)
#8 C:\Apache24\htdocs\rosas\public\index.php(45): CodeIgniter\CodeIgniter->run()
#9 {main}
