CRITICAL - 2020-11-05 10:18:52 --> Class 'App\Libraries\PDO' not found
#0 C:\xampp\htdocs\rosas\app\Libraries\SSP.php(65): App\Libraries\SSP::sql_connect(Array)
#1 C:\xampp\htdocs\rosas\app\Libraries\SSP.php(231): App\Libraries\SSP::db(Array)
#2 C:\xampp\htdocs\rosas\app\Controllers\Persona.php(37): App\Libraries\SSP::simple(Array, Array, 'view_administra...', 'id_persona', Array)
#3 C:\xampp\htdocs\rosas\vendor\codeigniter4\framework\system\CodeIgniter.php(918): App\Controllers\Persona->ajax_listar_administrativos()
#4 C:\xampp\htdocs\rosas\vendor\codeigniter4\framework\system\CodeIgniter.php(404): CodeIgniter\CodeIgniter->runController(Object(App\Controllers\Persona))
#5 C:\xampp\htdocs\rosas\vendor\codeigniter4\framework\system\CodeIgniter.php(312): CodeIgniter\CodeIgniter->handleRequest(NULL, Object(Config\Cache), false)
#6 C:\xampp\htdocs\rosas\public\index.php(45): CodeIgniter\CodeIgniter->run()
#7 {main}
CRITICAL - 2020-11-05 10:29:19 --> Class 'App\Libraries\PDO' not found
#0 C:\xampp\htdocs\rosas\app\Libraries\SSP.php(65): App\Libraries\SSP::sql_connect(Array)
#1 C:\xampp\htdocs\rosas\app\Libraries\SSP.php(231): App\Libraries\SSP::db(Array)
#2 C:\xampp\htdocs\rosas\app\Controllers\Persona.php(38): App\Libraries\SSP::simple(Array, Array, 'view_administra...', 'id_persona', Array)
#3 C:\xampp\htdocs\rosas\vendor\codeigniter4\framework\system\CodeIgniter.php(918): App\Controllers\Persona->ajaxListarAdministrativos()
#4 C:\xampp\htdocs\rosas\vendor\codeigniter4\framework\system\CodeIgniter.php(404): CodeIgniter\CodeIgniter->runController(Object(App\Controllers\Persona))
#5 C:\xampp\htdocs\rosas\vendor\codeigniter4\framework\system\CodeIgniter.php(312): CodeIgniter\CodeIgniter->handleRequest(NULL, Object(Config\Cache), false)
#6 C:\xampp\htdocs\rosas\public\index.php(45): CodeIgniter\CodeIgniter->run()
#7 {main}
CRITICAL - 2020-11-05 10:33:45 --> Class 'App\Libraries\SSP' not found
#0 C:\xampp\htdocs\rosas\vendor\codeigniter4\framework\system\CodeIgniter.php(918): App\Controllers\Persona->ajaxListarAdministrativos()
#1 C:\xampp\htdocs\rosas\vendor\codeigniter4\framework\system\CodeIgniter.php(404): CodeIgniter\CodeIgniter->runController(Object(App\Controllers\Persona))
#2 C:\xampp\htdocs\rosas\vendor\codeigniter4\framework\system\CodeIgniter.php(312): CodeIgniter\CodeIgniter->handleRequest(NULL, Object(Config\Cache), false)
#3 C:\xampp\htdocs\rosas\public\index.php(45): CodeIgniter\CodeIgniter->run()
#4 {main}
CRITICAL - 2020-11-05 10:36:11 --> Class 'App\Libraries\SSP' not found
#0 C:\xampp\htdocs\rosas\vendor\codeigniter4\framework\system\CodeIgniter.php(918): App\Controllers\Persona->ajaxListarAdministrativos()
#1 C:\xampp\htdocs\rosas\vendor\codeigniter4\framework\system\CodeIgniter.php(404): CodeIgniter\CodeIgniter->runController(Object(App\Controllers\Persona))
#2 C:\xampp\htdocs\rosas\vendor\codeigniter4\framework\system\CodeIgniter.php(312): CodeIgniter\CodeIgniter->handleRequest(NULL, Object(Config\Cache), false)
#3 C:\xampp\htdocs\rosas\public\index.php(45): CodeIgniter\CodeIgniter->run()
#4 {main}
CRITICAL - 2020-11-05 10:36:15 --> Class 'App\Libraries\SSP' not found
#0 C:\xampp\htdocs\rosas\vendor\codeigniter4\framework\system\CodeIgniter.php(918): App\Controllers\Persona->ajaxListarAdministrativos()
#1 C:\xampp\htdocs\rosas\vendor\codeigniter4\framework\system\CodeIgniter.php(404): CodeIgniter\CodeIgniter->runController(Object(App\Controllers\Persona))
#2 C:\xampp\htdocs\rosas\vendor\codeigniter4\framework\system\CodeIgniter.php(312): CodeIgniter\CodeIgniter->handleRequest(NULL, Object(Config\Cache), false)
#3 C:\xampp\htdocs\rosas\public\index.php(45): CodeIgniter\CodeIgniter->run()
#4 {main}
CRITICAL - 2020-11-05 10:36:19 --> Class 'App\Libraries\SSP' not found
#0 C:\xampp\htdocs\rosas\vendor\codeigniter4\framework\system\CodeIgniter.php(918): App\Controllers\Persona->ajaxListarAdministrativos()
#1 C:\xampp\htdocs\rosas\vendor\codeigniter4\framework\system\CodeIgniter.php(404): CodeIgniter\CodeIgniter->runController(Object(App\Controllers\Persona))
#2 C:\xampp\htdocs\rosas\vendor\codeigniter4\framework\system\CodeIgniter.php(312): CodeIgniter\CodeIgniter->handleRequest(NULL, Object(Config\Cache), false)
#3 C:\xampp\htdocs\rosas\public\index.php(45): CodeIgniter\CodeIgniter->run()
#4 {main}
CRITICAL - 2020-11-05 10:36:23 --> Class 'App\Libraries\SSP' not found
#0 C:\xampp\htdocs\rosas\vendor\codeigniter4\framework\system\CodeIgniter.php(918): App\Controllers\Persona->ajaxListarAdministrativos()
#1 C:\xampp\htdocs\rosas\vendor\codeigniter4\framework\system\CodeIgniter.php(404): CodeIgniter\CodeIgniter->runController(Object(App\Controllers\Persona))
#2 C:\xampp\htdocs\rosas\vendor\codeigniter4\framework\system\CodeIgniter.php(312): CodeIgniter\CodeIgniter->handleRequest(NULL, Object(Config\Cache), false)
#3 C:\xampp\htdocs\rosas\public\index.php(45): CodeIgniter\CodeIgniter->run()
#4 {main}
CRITICAL - 2020-11-05 12:38:14 --> Unable to connect to the database.
#0 C:\xampp\htdocs\rosas\vendor\codeigniter4\framework\system\Database\BaseConnection.php(646): CodeIgniter\Database\BaseConnection->initialize()
#1 C:\xampp\htdocs\rosas\vendor\codeigniter4\framework\system\Database\BaseBuilder.php(2019): CodeIgniter\Database\BaseConnection->query('SELECT *\nFROM `...', Array, false)
#2 C:\xampp\htdocs\rosas\app\Models\Querys.php(18): CodeIgniter\Database\BaseBuilder->getWhere(Array)
#3 C:\xampp\htdocs\rosas\app\Helpers\Rosas_helper.php(8): App\Models\Querys->view_users(Array)
#4 C:\xampp\htdocs\rosas\app\Controllers\BaseController.php(48): authenticated()
#5 C:\xampp\htdocs\rosas\vendor\codeigniter4\framework\system\CodeIgniter.php(891): App\Controllers\BaseController->initController(Object(CodeIgniter\HTTP\IncomingRequest), Object(CodeIgniter\HTTP\Response), Object(CodeIgniter\Log\Logger))
#6 C:\xampp\htdocs\rosas\vendor\codeigniter4\framework\system\CodeIgniter.php(399): CodeIgniter\CodeIgniter->createController()
#7 C:\xampp\htdocs\rosas\vendor\codeigniter4\framework\system\CodeIgniter.php(312): CodeIgniter\CodeIgniter->handleRequest(NULL, Object(Config\Cache), false)
#8 C:\xampp\htdocs\rosas\public\index.php(45): CodeIgniter\CodeIgniter->run()
#9 {main}
CRITICAL - 2020-11-05 12:38:59 --> SQLSTATE[42S02]: Base table or view not found: 1146 Table 'db_rosas.view_administrativo' doesn't exist
#0 C:\xampp\htdocs\rosas\app\Libraries\Ssp.php(465): PDOStatement->execute()
#1 C:\xampp\htdocs\rosas\app\Libraries\Ssp.php(271): App\Libraries\SSP::sql_exec(Object(PDO), Array, 'SELECT `id_pers...')
#2 C:\xampp\htdocs\rosas\app\Controllers\Persona.php(37): App\Libraries\SSP::simple(Array, Array, 'view_administra...', 'id_persona', Array)
#3 C:\xampp\htdocs\rosas\vendor\codeigniter4\framework\system\CodeIgniter.php(918): App\Controllers\Persona->ajaxListarAdministrativos()
#4 C:\xampp\htdocs\rosas\vendor\codeigniter4\framework\system\CodeIgniter.php(404): CodeIgniter\CodeIgniter->runController(Object(App\Controllers\Persona))
#5 C:\xampp\htdocs\rosas\vendor\codeigniter4\framework\system\CodeIgniter.php(312): CodeIgniter\CodeIgniter->handleRequest(NULL, Object(Config\Cache), false)
#6 C:\xampp\htdocs\rosas\public\index.php(45): CodeIgniter\CodeIgniter->run()
#7 {main}
CRITICAL - 2020-11-05 12:39:12 --> SQLSTATE[42S02]: Base table or view not found: 1146 Table 'db_rosas.view_administrativo' doesn't exist
#0 C:\xampp\htdocs\rosas\app\Libraries\Ssp.php(465): PDOStatement->execute()
#1 C:\xampp\htdocs\rosas\app\Libraries\Ssp.php(271): App\Libraries\SSP::sql_exec(Object(PDO), Array, 'SELECT `id_pers...')
#2 C:\xampp\htdocs\rosas\app\Controllers\Persona.php(37): App\Libraries\SSP::simple(Array, Array, 'view_administra...', 'id_persona', Array)
#3 C:\xampp\htdocs\rosas\vendor\codeigniter4\framework\system\CodeIgniter.php(918): App\Controllers\Persona->ajaxListarAdministrativos()
#4 C:\xampp\htdocs\rosas\vendor\codeigniter4\framework\system\CodeIgniter.php(404): CodeIgniter\CodeIgniter->runController(Object(App\Controllers\Persona))
#5 C:\xampp\htdocs\rosas\vendor\codeigniter4\framework\system\CodeIgniter.php(312): CodeIgniter\CodeIgniter->handleRequest(NULL, Object(Config\Cache), false)
#6 C:\xampp\htdocs\rosas\public\index.php(45): CodeIgniter\CodeIgniter->run()
#7 {main}
CRITICAL - 2020-11-05 12:42:24 --> SQLSTATE[42S22]: Column not found: 1054 Unknown column 'tipo_marcado' in 'field list'
#0 C:\xampp\htdocs\rosas\app\Libraries\Ssp.php(465): PDOStatement->execute()
#1 C:\xampp\htdocs\rosas\app\Libraries\Ssp.php(271): App\Libraries\SSP::sql_exec(Object(PDO), Array, 'SELECT `id_pers...')
#2 C:\xampp\htdocs\rosas\app\Controllers\Persona.php(37): App\Libraries\SSP::simple(Array, Array, 'rs_view_adminis...', 'id_persona', Array)
#3 C:\xampp\htdocs\rosas\vendor\codeigniter4\framework\system\CodeIgniter.php(918): App\Controllers\Persona->ajaxListarAdministrativos()
#4 C:\xampp\htdocs\rosas\vendor\codeigniter4\framework\system\CodeIgniter.php(404): CodeIgniter\CodeIgniter->runController(Object(App\Controllers\Persona))
#5 C:\xampp\htdocs\rosas\vendor\codeigniter4\framework\system\CodeIgniter.php(312): CodeIgniter\CodeIgniter->handleRequest(NULL, Object(Config\Cache), false)
#6 C:\xampp\htdocs\rosas\public\index.php(45): CodeIgniter\CodeIgniter->run()
#7 {main}
CRITICAL - 2020-11-05 17:02:33 --> SQLSTATE[42S02]: Base table or view not found: 1146 Table 'db_rosas.rs_view_maestro' doesn't exist
#0 C:\xampp\htdocs\rosas\app\Libraries\Ssp.php(465): PDOStatement->execute()
#1 C:\xampp\htdocs\rosas\app\Libraries\Ssp.php(271): App\Libraries\SSP::sql_exec(Object(PDO), Array, 'SELECT `id_pers...')
#2 C:\xampp\htdocs\rosas\app\Controllers\Persona.php(73): App\Libraries\SSP::simple(Array, Array, 'rs_view_maestro', 'id_persona', Array)
#3 C:\xampp\htdocs\rosas\vendor\codeigniter4\framework\system\CodeIgniter.php(918): App\Controllers\Persona->ajaxListarMaestros()
#4 C:\xampp\htdocs\rosas\vendor\codeigniter4\framework\system\CodeIgniter.php(404): CodeIgniter\CodeIgniter->runController(Object(App\Controllers\Persona))
#5 C:\xampp\htdocs\rosas\vendor\codeigniter4\framework\system\CodeIgniter.php(312): CodeIgniter\CodeIgniter->handleRequest(NULL, Object(Config\Cache), false)
#6 C:\xampp\htdocs\rosas\public\index.php(45): CodeIgniter\CodeIgniter->run()
#7 {main}
